Determining if the pthread_create exist failed with the following output:
Change Dir: /home/zhaohuaqing/Documents/do_some_try/road/get_point/build/CMakeFiles/CMakeTmp

Run Build Command:"/usr/bin/make" "cmTC_42675/fast"
/usr/bin/make -f CMakeFiles/cmTC_42675.dir/build.make CMakeFiles/cmTC_42675.dir/build
make[1]: Entering directory '/home/zhaohuaqing/Documents/do_some_try/road/get_point/build/CMakeFiles/CMakeTmp'
Building C object CMakeFiles/cmTC_42675.dir/CheckSymbolExists.c.o
/usr/bin/cc     -o CMakeFiles/cmTC_42675.dir/CheckSymbolExists.c.o   -c /home/zhaohuaqing/Documents/do_some_try/road/get_point/build/CMakeFiles/CMakeTmp/CheckSymbolExists.c
Linking C executable cmTC_42675
/usr/bin/cmake -E cmake_link_script CMakeFiles/cmTC_42675.dir/link.txt --verbose=1
/usr/bin/cc       CMakeFiles/cmTC_42675.dir/CheckSymbolExists.c.o  -o cmTC_42675 -rdynamic 
CMakeFiles/cmTC_42675.dir/CheckSymbolExists.c.o: In function `main':
CheckSymbolExists.c:(.text+0x16): undefined reference to `pthread_create'
collect2: error: ld returned 1 exit status
CMakeFiles/cmTC_42675.dir/build.make:97: recipe for target 'cmTC_42675' failed
make[1]: *** [cmTC_42675] Error 1
make[1]: Leaving directory '/home/zhaohuaqing/Documents/do_some_try/road/get_point/build/CMakeFiles/CMakeTmp'
Makefile:126: recipe for target 'cmTC_42675/fast' failed
make: *** [cmTC_42675/fast] Error 2

File /home/zhaohuaqing/Documents/do_some_try/road/get_point/build/CMakeFiles/CMakeTmp/CheckSymbolExists.c:
/* */
#include <pthread.h>

int main(int argc, char** argv)
{
  (void)argv;
#ifndef pthread_create
  return ((int*)(&pthread_create))[argc];
#else
  (void)argc;
  return 0;
#endif
}

Determining if the function pthread_create exists in the pthreads failed with the following output:
Change Dir: /home/zhaohuaqing/Documents/do_some_try/road/get_point/build/CMakeFiles/CMakeTmp

Run Build Command:"/usr/bin/make" "cmTC_c8a8f/fast"
/usr/bin/make -f CMakeFiles/cmTC_c8a8f.dir/build.make CMakeFiles/cmTC_c8a8f.dir/build
make[1]: Entering directory '/home/zhaohuaqing/Documents/do_some_try/road/get_point/build/CMakeFiles/CMakeTmp'
Building C object CMakeFiles/cmTC_c8a8f.dir/CheckFunctionExists.c.o
/usr/bin/cc    -DCHECK_FUNCTION_EXISTS=pthread_create   -o CMakeFiles/cmTC_c8a8f.dir/CheckFunctionExists.c.o   -c /usr/share/cmake-3.5/Modules/CheckFunctionExists.c
Linking C executable cmTC_c8a8f
/usr/bin/cmake -E cmake_link_script CMakeFiles/cmTC_c8a8f.dir/link.txt --verbose=1
/usr/bin/cc   -DCHECK_FUNCTION_EXISTS=pthread_create    CMakeFiles/cmTC_c8a8f.dir/CheckFunctionExists.c.o  -o cmTC_c8a8f -rdynamic -lpthreads 
/usr/bin/ld: cannot find -lpthreads
collect2: error: ld returned 1 exit status
CMakeFiles/cmTC_c8a8f.dir/build.make:97: recipe for target 'cmTC_c8a8f' failed
make[1]: *** [cmTC_c8a8f] Error 1
make[1]: Leaving directory '/home/zhaohuaqing/Documents/do_some_try/road/get_point/build/CMakeFiles/CMakeTmp'
Makefile:126: recipe for target 'cmTC_c8a8f/fast' failed
make: *** [cmTC_c8a8f/fast] Error 2


